# JRE version: Java(TM) SE Runtime Environment (8.0_121-b13) (build 1.8.0_121-b13)
# Java VM: Java HotSpot(TM) 64-Bit Server VM (25.121-b13 mixed mode windows-amd64 compressed oops)
Heap:
 garbage-first heap   total 131072K, used 66559K [0x00000000c0000000, 0x00000000c0100400, 0x0000000100000000)
  region size 1024K, 61 young (62464K), 6 survivors (6144K)
 Metaspace       used 26313K, capacity 27782K, committed 28032K, reserved 1073152K
  class space    used 2940K, capacity 3402K, committed 3456K, reserved 1048576K
GC Heap History (8 events):
Event: 1.536 GC heap before
{Heap before GC invocations=0 (full 0):
 garbage-first heap   total 131072K, used 14336K [0x00000000c0000000, 0x00000000c0100400, 0x0000000100000000)
  region size 1024K, 14 young (14336K), 0 survivors (0K)
 Metaspace       used 6439K, capacity 6572K, committed 6656K, reserved 1056768K
  class space    used 674K, capacity 727K, committed 768K, reserved 1048576K
Event: 1.543 GC heap after
Heap after GC invocations=1 (full 0):
 garbage-first heap   total 131072K, used 4138K [0x00000000c0000000, 0x00000000c0100400, 0x0000000100000000)
  region size 1024K, 2 young (2048K), 2 survivors (2048K)
 Metaspace       used 6439K, capacity 6572K, committed 6656K, reserved 1056768K
  class space    used 674K, capacity 727K, committed 768K, reserved 1048576K
}
Event: 1.731 GC heap before
{Heap before GC invocations=1 (full 0):
 garbage-first heap   total 131072K, used 10282K [0x00000000c0000000, 0x00000000c0100400, 0x0000000100000000)
  region size 1024K, 8 young (8192K), 2 survivors (2048K)
 Metaspace       used 7784K, capacity 7922K, committed 8064K, reserved 1056768K
  class space    used 816K, capacity 856K, committed 896K, reserved 1048576K
Event: 1.738 GC heap after
Heap after GC invocations=2 (full 0):
 garbage-first heap   total 131072K, used 7129K [0x00000000c0000000, 0x00000000c0100400, 0x0000000100000000)
  region size 1024K, 1 young (1024K), 1 survivors (1024K)
 Metaspace       used 7784K, capacity 7922K, committed 8064K, reserved 1056768K
  class space    used 816K, capacity 856K, committed 896K, reserved 1048576K
}
Event: 2.864 GC heap before
{Heap before GC invocations=2 (full 0):
 garbage-first heap   total 131072K, used 34777K [0x00000000c0000000, 0x00000000c0100400, 0x0000000100000000)
  region size 1024K, 28 young (28672K), 1 survivors (1024K)
 Metaspace       used 16865K, capacity 17744K, committed 17920K, reserved 1064960K
  class space    used 1685K, capacity 1973K, committed 2048K, reserved 1048576K
Event: 2.875 GC heap after
Heap after GC invocations=3 (full 0):
 garbage-first heap   total 131072K, used 14848K [0x00000000c0000000, 0x00000000c0100400, 0x0000000100000000)
  region size 1024K, 4 young (4096K), 4 survivors (4096K)
 Metaspace       used 16865K, capacity 17744K, committed 17920K, reserved 1064960K
  class space    used 1685K, capacity 1973K, committed 2048K, reserved 1048576K
}
Event: 3.228 GC heap before
{Heap before GC invocations=3 (full 0):
 garbage-first heap   total 131072K, used 24064K [0x00000000c0000000, 0x00000000c0100400, 0x0000000100000000)
  region size 1024K, 14 young (14336K), 4 survivors (4096K)
 Metaspace       used 19861K, capacity 21122K, committed 21248K, reserved 1069056K
  class space    used 2080K, capacity 2463K, committed 2560K, reserved 1048576K
Event: 3.236 GC heap after
Heap after GC invocations=4 (full 0):
 garbage-first heap   total 131072K, used 16896K [0x00000000c0000000, 0x00000000c0100400, 0x0000000100000000)
  region size 1024K, 6 young (6144K), 6 survivors (6144K)
 Metaspace       used 19861K, capacity 21122K, committed 21248K, reserved 1069056K
  class space    used 2080K, capacity 2463K, committed 2560K, reserved 1048576K
}

