# JRE version: Java(TM) SE Runtime Environment (8.0_121-b13) (build 1.8.0_121-b13)
# Java VM: Java HotSpot(TM) 64-Bit Server VM (25.121-b13 mixed mode windows-amd64 compressed oops)
Heap:
 garbage-first heap   total 262144K, used 100715K [0x00000000c0000000, 0x00000000c0100800, 0x0000000100000000)
  region size 1024K, 3 young (3072K), 3 survivors (3072K)
 Metaspace       used 42067K, capacity 43860K, committed 44240K, reserved 1089536K
  class space    used 4457K, capacity 5041K, committed 5120K, reserved 1048576K
GC Heap History (10 events):
Event: 63.217 GC heap after
Heap after GC invocations=28 (full 0):
 garbage-first heap   total 131072K, used 92142K [0x00000000c0000000, 0x00000000c0100400, 0x0000000100000000)
  region size 1024K, 4 young (4096K), 4 survivors (4096K)
 Metaspace       used 42067K, capacity 43860K, committed 44240K, reserved 1089536K
  class space    used 4457K, capacity 5041K, committed 5120K, reserved 1048576K
}
Event: 63.443 GC heap before
{Heap before GC invocations=28 (full 0):
 garbage-first heap   total 131072K, used 112622K [0x00000000c0000000, 0x00000000c0100400, 0x0000000100000000)
  region size 1024K, 24 young (24576K), 4 survivors (4096K)
 Metaspace       used 42067K, capacity 43860K, committed 44240K, reserved 1089536K
  class space    used 4457K, capacity 5041K, committed 5120K, reserved 1048576K
Event: 63.466 GC heap after
Heap after GC invocations=29 (full 0):
 garbage-first heap   total 131072K, used 95424K [0x00000000c0000000, 0x00000000c0100400, 0x0000000100000000)
  region size 1024K, 3 young (3072K), 3 survivors (3072K)
 Metaspace       used 42067K, capacity 43860K, committed 44240K, reserved 1089536K
  class space    used 4457K, capacity 5041K, committed 5120K, reserved 1048576K
}
Event: 63.610 GC heap before
{Heap before GC invocations=30 (full 0):
 garbage-first heap   total 131072K, used 113856K [0x00000000c0000000, 0x00000000c0100400, 0x0000000100000000)
  region size 1024K, 21 young (21504K), 3 survivors (3072K)
 Metaspace       used 42067K, capacity 43860K, committed 44240K, reserved 1089536K
  class space    used 4457K, capacity 5041K, committed 5120K, reserved 1048576K
Event: 63.625 GC heap after
Heap after GC invocations=31 (full 0):
 garbage-first heap   total 131072K, used 99008K [0x00000000c0000000, 0x00000000c0100400, 0x0000000100000000)
  region size 1024K, 3 young (3072K), 3 survivors (3072K)
 Metaspace       used 42067K, capacity 43860K, committed 44240K, reserved 1089536K
  class space    used 4457K, capacity 5041K, committed 5120K, reserved 1048576K
}
Event: 63.653 GC heap before
{Heap before GC invocations=31 (full 0):
 garbage-first heap   total 131072K, used 102080K [0x00000000c0000000, 0x00000000c0100400, 0x0000000100000000)
  region size 1024K, 6 young (6144K), 3 survivors (3072K)
 Metaspace       used 42067K, capacity 43860K, committed 44240K, reserved 1089536K
  class space    used 4457K, capacity 5041K, committed 5120K, reserved 1048576K
Event: 63.678 GC heap after
Heap after GC invocations=32 (full 0):
 garbage-first heap   total 131072K, used 94769K [0x00000000c0000000, 0x00000000c0100400, 0x0000000100000000)
  region size 1024K, 1 young (1024K), 1 survivors (1024K)
 Metaspace       used 42067K, capacity 43860K, committed 44240K, reserved 1089536K
  class space    used 4457K, capacity 5041K, committed 5120K, reserved 1048576K
}
Event: 63.830 GC heap before
{Heap before GC invocations=32 (full 0):
 garbage-first heap   total 131072K, used 113201K [0x00000000c0000000, 0x00000000c0100400, 0x0000000100000000)
  region size 1024K, 19 young (19456K), 1 survivors (1024K)
 Metaspace       used 42067K, capacity 43860K, committed 44240K, reserved 1089536K
  class space    used 4457K, capacity 5041K, committed 5120K, reserved 1048576K
Event: 63.844 GC heap after
Heap after GC invocations=33 (full 0):
 garbage-first heap   total 131072K, used 96338K [0x00000000c0000000, 0x00000000c0100400, 0x0000000100000000)
  region size 1024K, 3 young (3072K), 3 survivors (3072K)
 Metaspace       used 42067K, capacity 43860K, committed 44240K, reserved 1089536K
  class space    used 4457K, capacity 5041K, committed 5120K, reserved 1048576K
}
Event: 63.935 GC heap before
{Heap before GC invocations=33 (full 0):
 garbage-first heap   total 131072K, used 112722K [0x00000000c0000000, 0x00000000c0100400, 0x0000000100000000)
  region size 1024K, 19 young (19456K), 3 survivors (3072K)
 Metaspace       used 42067K, capacity 43860K, committed 44240K, reserved 1089536K
  class space    used 4457K, capacity 5041K, committed 5120K, reserved 1048576K

