# JRE version: Java(TM) SE Runtime Environment (8.0_121-b13) (build 1.8.0_121-b13)
# Java VM: Java HotSpot(TM) 64-Bit Server VM (25.121-b13 mixed mode windows-amd64 compressed oops)
Heap:
 garbage-first heap   total 131072K, used 58028K [0x00000000c0000000, 0x00000000c0100400, 0x0000000100000000)
  region size 1024K, 30 young (30720K), 10 survivors (10240K)
 Metaspace       used 36784K, capacity 38758K, committed 38912K, reserved 1083392K
  class space    used 3934K, capacity 4552K, committed 4608K, reserved 1048576K
GC Heap History (10 events):
Event: 6.662 GC heap before
{Heap before GC invocations=2 (full 0):
 garbage-first heap   total 131072K, used 60713K [0x00000000c0000000, 0x00000000c0100400, 0x0000000100000000)
  region size 1024K, 55 young (56320K), 3 survivors (3072K)
 Metaspace       used 19813K, capacity 21112K, committed 21296K, reserved 1069056K
  class space    used 2037K, capacity 2417K, committed 2432K, reserved 1048576K
Event: 6.683 GC heap after
Heap after GC invocations=3 (full 0):
 garbage-first heap   total 131072K, used 19968K [0x00000000c0000000, 0x00000000c0100400, 0x0000000100000000)
  region size 1024K, 10 young (10240K), 10 survivors (10240K)
 Metaspace       used 19813K, capacity 21112K, committed 21296K, reserved 1069056K
  class space    used 2037K, capacity 2417K, committed 2432K, reserved 1048576K
}
Event: 20.360 GC heap before
{Heap before GC invocations=4 (full 0):
 garbage-first heap   total 131072K, used 86528K [0x00000000c0000000, 0x00000000c0100400, 0x0000000100000000)
  region size 1024K, 76 young (77824K), 10 survivors (10240K)
 Metaspace       used 28125K, capacity 29760K, committed 30080K, reserved 1075200K
  class space    used 3068K, capacity 3604K, committed 3712K, reserved 1048576K
Event: 20.387 GC heap after
Heap after GC invocations=5 (full 0):
 garbage-first heap   total 131072K, used 27648K [0x00000000c0000000, 0x00000000c0100400, 0x0000000100000000)
  region size 1024K, 10 young (10240K), 10 survivors (10240K)
 Metaspace       used 28125K, capacity 29760K, committed 30080K, reserved 1075200K
  class space    used 3068K, capacity 3604K, committed 3712K, reserved 1048576K
}
Event: 27.910 GC heap before
{Heap before GC invocations=5 (full 0):
 garbage-first heap   total 131072K, used 80896K [0x00000000c0000000, 0x00000000c0100400, 0x0000000100000000)
  region size 1024K, 63 young (64512K), 10 survivors (10240K)
 Metaspace       used 33705K, capacity 35564K, committed 35708K, reserved 1081344K
  class space    used 3722K, capacity 4335K, committed 4352K, reserved 1048576K
Event: 27.942 GC heap after
Heap after GC invocations=6 (full 0):
 garbage-first heap   total 131072K, used 38400K [0x00000000c0000000, 0x00000000c0100400, 0x0000000100000000)
  region size 1024K, 10 young (10240K), 10 survivors (10240K)
 Metaspace       used 33705K, capacity 35564K, committed 35708K, reserved 1081344K
  class space    used 3722K, capacity 4335K, committed 4352K, reserved 1048576K
}
Event: 235.694 GC heap before
{Heap before GC invocations=7 (full 0):
 garbage-first heap   total 131072K, used 95574K [0x00000000c0000000, 0x00000000c0100400, 0x0000000100000000)
  region size 1024K, 76 young (77824K), 10 survivors (10240K)
 Metaspace       used 35494K, capacity 37352K, committed 37504K, reserved 1083392K
  class space    used 3853K, capacity 4455K, committed 4480K, reserved 1048576K
Event: 235.712 GC heap after
Heap after GC invocations=8 (full 0):
 garbage-first heap   total 131072K, used 32086K [0x00000000c0000000, 0x00000000c0100400, 0x0000000100000000)
  region size 1024K, 5 young (5120K), 5 survivors (5120K)
 Metaspace       used 35494K, capacity 37352K, committed 37504K, reserved 1083392K
  class space    used 3853K, capacity 4455K, committed 4480K, reserved 1048576K
}
Event: 962.459 GC heap before
{Heap before GC invocations=8 (full 0):
 garbage-first heap   total 131072K, used 106498K [0x00000000c0000000, 0x00000000c0100400, 0x0000000100000000)
  region size 1024K, 76 young (77824K), 5 survivors (5120K)
 Metaspace       used 35797K, capacity 37730K, committed 37888K, reserved 1083392K
  class space    used 3859K, capacity 4488K, committed 4608K, reserved 1048576K
Event: 962.600 GC heap after
Heap after GC invocations=9 (full 0):
 garbage-first heap   total 131072K, used 38572K [0x00000000c0000000, 0x00000000c0100400, 0x0000000100000000)
  region size 1024K, 10 young (10240K), 10 survivors (10240K)
 Metaspace       used 35797K, capacity 37730K, committed 37888K, reserved 1083392K
  class space    used 3859K, capacity 4488K, committed 4608K, reserved 1048576K
}

